2025-03-15 14:45:50 - Core Monitor added to crontab.
===== [nocano] SESSION =====
2025-03-15 15:25:54 - Core Usage [0%] - Terminal Model [                          Intel(R) Core(TM) i5-1035G1 CPU @ 1.00GHz]
2025-03-15 15:26:12 - Core Monitor removed from crontab.
===== [nocano] SESSION =====
2025-03-15 15:28:24 - Core Usage [1%] - Terminal Model [                          Intel(R) Core(TM) i5-1035G1 CPU @ 1.00GHz]
===== [nocano] SESSION =====
2025-03-15 15:30:16 - Core Usage [1%] - Terminal Model [                          Intel(R) Core(TM) i5-1035G1 CPU @ 1.00GHz]
===== [nocano] SESSION =====
2025-03-15 15:30:18 - Core Usage [1%] - Terminal Model [                          Intel(R) Core(TM) i5-1035G1 CPU @ 1.00GHz]
2025-03-15 16:25:41 - Core Monitor added to crontab.
2025-03-15 16:29:31 - Core Monitor added to crontab.
2025-03-15 16:34:19 - Core Monitor removed from crontab.
2025-03-15 16:34:22 - Core Monitor removed from crontab.
2025-03-15 16:34:24 - Core Monitor removed from crontab.
2025-03-15 16:34:25 - Core Monitor removed from crontab.
2025-03-15 16:34:40 - Core Monitor added to crontab.
===== [nocano] SESSION =====
2025-03-15 16:42:12 - Core Monitor added to crontab.
===== [nocano] SESSION =====
===== [nocano] SESSION =====
2025-03-15 16:42:17 - Core Monitor added to crontab.
===== [nocano] SESSION =====
2025-03-15 16:42:27 - Core Monitor added to crontab.
===== [nocano] SESSION =====
2025-03-15 16:43:32 - Core Monitor added to crontab.
===== [nocano] SESSION =====
===== [nocano] SESSION =====
2025-03-15 16:49:28 - Core Monitor added to crontab.
===== [nocano] SESSION =====
===== [nocano] SESSION =====
2025-03-15 16:49:47 - Core Monitor removed from crontab.
2025-03-15 16:50:03 - Core Monitor added to crontab.
===== [nocano] SESSION =====
===== [nocano] SESSION =====
2025-03-15 18:20:46 - Core Monitor added to crontab (Puasa Daud schedule).
2025-03-15 18:20:47 - Core Monitor added to crontab (Puasa Daud schedule).
2025-03-15 18:23:06 - Core Monitor removed from crontab.
