2025-03-15 14:45:52 - Fragment Monitor added to crontab.
===== [nocano] SESSION =====
2025-03-15 15:26:09 - Fragment Usage [12%] - Fragment Count [757240 MB] - Details [Total: 5941272 MB, Available: 5184032 MB]
===== [nocano] SESSION =====
2025-03-15 15:30:08 - Fragment Usage [12%] - Fragment Count [759240 MB] - Details [Total: 5941272 MB, Available: 5182032 MB]
2025-03-15 16:29:34 - Fragment Monitor added to crontab.
2025-03-15 16:34:27 - Fragment Monitor removed from crontab.
2025-03-15 16:34:28 - Fragment Monitor removed from crontab.
2025-03-15 16:34:30 - Fragment Monitor removed from crontab.
===== [nocano] SESSION =====
===== [nocano] SESSION =====
2025-03-15 16:42:14 - Fragment Monitor added to crontab.
===== [nocano] SESSION =====
===== [nocano] SESSION =====
===== [nocano] SESSION =====
===== [nocano] SESSION =====
2025-03-15 16:43:35 - Fragment Monitor added to crontab.
===== [nocano] SESSION =====
===== [nocano] SESSION =====
2025-03-15 16:49:32 - Fragment Monitor added to crontab.
===== [nocano] SESSION =====
2025-03-15 16:49:50 - Fragment Monitor removed from crontab.
===== [nocano] SESSION =====
2025-03-15 16:50:04 - Fragment Monitor added to crontab.
===== [nocano] SESSION =====
2025-03-15 18:23:07 - Fragment Monitor removed from crontab.
2025-03-18 22:21:11 - Fragment Monitor added to crontab.
2025-03-18 22:26:33 - Fragment Usage [11.44%] - Fragment Count [679560 KB] - Details [Total: 5941272 KB, Available: 5261712 KB]
2025-03-18 22:28:22 - Fragment Monitor removed from crontab.
2025-03-18 22:28:32 - Fragment Monitor added to crontab.
2025-03-18 22:28:34 - Fragment Monitor removed from crontab.
